2025-08-01 06:45:56,188 - INFO - 🚀 開始訓練分析與修復流程...
2025-08-01 06:45:56,189 - INFO - 📁 輸出目錄: analysis_results
2025-08-01 06:45:56,189 - INFO - 🔍 開始分析訓練歷史數據...
2025-08-01 06:45:56,189 - INFO - ✅ 成功載入訓練歷史文件: auto_training_run_20250731_222833/training_history_advanced.json
2025-08-01 06:45:56,189 - INFO - 📊 數據統計:
2025-08-01 06:45:56,189 - INFO -   - 訓練輪數: 50
2025-08-01 06:45:56,189 - INFO -   - 訓練損失範圍: 0.4620 - 0.8600
2025-08-01 06:45:56,189 - INFO -   - 驗證損失範圍: 0.4968 - 1.7251
2025-08-01 06:45:56,189 - INFO -   - 驗證準確率範圍: 0.0913 - 0.8317
2025-08-01 06:45:56,189 - INFO - 🔍 開始檢測訓練問題...
2025-08-01 06:45:56,189 - INFO - ✅ 未檢測到過擬合問題
2025-08-01 06:45:56,189 - WARNING - ⚠️ 檢測到 36 次準確率下降問題
2025-08-01 06:45:56,189 - INFO - 📈 性能分析:
2025-08-01 06:45:56,189 - INFO -   - 最終準確率: 0.7452
2025-08-01 06:45:56,189 - INFO -   - 最佳準確率: 0.8317
2025-08-01 06:45:56,189 - INFO -   - 性能差距: 0.0865
2025-08-01 06:45:56,189 - INFO - 🔧 生成修復建議...
2025-08-01 06:45:56,189 - INFO - 🔧 準確率下降修復建議:
2025-08-01 06:45:56,189 - INFO -   - 調整分類損失權重
2025-08-01 06:45:56,189 - INFO -   - 使用 Focal Loss
2025-08-01 06:45:56,189 - INFO -   - 實施學習率調度
2025-08-01 06:45:56,189 - INFO -   - 檢查數據平衡
2025-08-01 06:45:56,189 - INFO - 📊 創建分析圖表...
2025-08-01 06:45:56,796 - INFO - ✅ 分析圖表已保存: analysis_results/training_analysis_plots.png
2025-08-01 06:45:56,797 - INFO - 🔧 生成修復腳本...
2025-08-01 06:45:56,797 - INFO - ✅ 修復腳本已生成: analysis_results/apply_fixes.py
2025-08-01 06:45:56,797 - INFO - 📝 生成詳細報告...
2025-08-01 06:45:56,797 - INFO - ✅ 詳細報告已生成: analysis_results/analysis_and_fix_report.md
2025-08-01 06:45:56,797 - INFO - 🎉 分析與修復流程完成!
2025-08-01 06:45:56,797 - INFO - 📁 輸出文件:
2025-08-01 06:45:56,797 - INFO -   - 分析圖表: analysis_results/training_analysis_plots.png
2025-08-01 06:45:56,797 - INFO -   - 修復腳本: analysis_results/apply_fixes.py
2025-08-01 06:45:56,797 - INFO -   - 詳細報告: analysis_results/analysis_and_fix_report.md
2025-08-01 06:45:56,797 - INFO -   - 日誌文件: training_analysis_detailed.log
